{"C:\\Users\\Administrator\\Desktop\\BYSJ\\front\\src\\one.tsx": {"path":"C:\\Users\\Administrator\\Desktop\\BYSJ\\front\\src\\one.tsx","statementMap":{"0":{"start":{"line":3,"column":13},"end":{"line":3,"column":21}},"1":{"start":{"line":6,"column":12},"end":{"line":12,"column":1}},"2":{"start":{"line":7,"column":2},"end":{"line":11,"column":8}}},"fnMap":{"0":{"name":"(anonymous_0)","decl":{"start":{"line":3,"column":13},"end":{"line":3,"column":14}},"loc":{"start":{"line":3,"column":19},"end":{"line":3,"column":21}},"line":3},"1":{"name":"(anonymous_1)","decl":{"start":{"line":6,"column":12},"end":{"line":6,"column":13}},"loc":{"start":{"line":7,"column":2},"end":{"line":11,"column":8}},"line":7}},"branchMap":{},"s":{"0":1,"1":1,"2":1},"f":{"0":0,"1":1},"b":{},"_coverageSchema":"1a1c01bbd47fc00a2c39e90264f33305004495a9","hash":"a8e2024a7bbb29d98cb03e2cfd46eafb6455ab2c"}
}
